<?xml version="1.0" encoding="UTF-8"?>
<robot generator="Robot 7.2.2 (Python 3.13.3 on win32)" generated="2025-05-26T21:26:32.944138" rpa="false" schemaversion="5">
<suite id="s1" name="Sauce Robot framework" source="C:\Sauce_Robot_framework">
<suite id="s1-s1" name="Tests" source="C:\Sauce_Robot_framework\Tests">
<suite id="s1-s1-s1" name="CheckoutTest" source="C:\Sauce_Robot_framework\Tests\CheckoutTest.robot">
<test id="s1-s1-s1-t1" name="blank_fname" line="17">
<kw name="Open the Browser with the URL" owner="GenericResources" type="SETUP">
<kw name="Evaluate" owner="BuiltIn">
<msg time="2025-05-26T21:26:33.815779" level="INFO">${options} = &lt;selenium.webdriver.chrome.options.Options object at 0x000001E36AA0E120&gt;</msg>
<var>${options}</var>
<arg>sys.modules['selenium.webdriver'].ChromeOptions()</arg>
<arg>sys, selenium.webdriver</arg>
<doc>Evaluates the given expression in Python and returns the result.</doc>
<status status="PASS" start="2025-05-26T21:26:33.815097" elapsed="0.001004"/>
</kw>
<kw name="Call Method" owner="BuiltIn">
<arg>${options}</arg>
<arg>add_argument</arg>
<arg>--incognito</arg>
<doc>Calls the named method of the given object with the provided arguments.</doc>
<status status="PASS" start="2025-05-26T21:26:33.816578" elapsed="0.000577"/>
</kw>
<kw name="Call Method" owner="BuiltIn">
<arg>${options}</arg>
<arg>add_argument</arg>
<arg>--disable-extensions</arg>
<doc>Calls the named method of the given object with the provided arguments.</doc>
<status status="PASS" start="2025-05-26T21:26:33.817395" elapsed="0.000658"/>
</kw>
<kw name="Call Method" owner="BuiltIn">
<arg>${options}</arg>
<arg>add_argument</arg>
<arg>--disable-notifications</arg>
<doc>Calls the named method of the given object with the provided arguments.</doc>
<status status="PASS" start="2025-05-26T21:26:33.818434" elapsed="0.000719"/>
</kw>
<kw name="Call Method" owner="BuiltIn">
<arg>${options}</arg>
<arg>add_argument</arg>
<arg>--disable-popup-blocking</arg>
<doc>Calls the named method of the given object with the provided arguments.</doc>
<status status="PASS" start="2025-05-26T21:26:33.819563" elapsed="0.000723"/>
</kw>
<kw name="Call Method" owner="BuiltIn">
<arg>${options}</arg>
<arg>add_argument</arg>
<arg>--start-maximized</arg>
<doc>Calls the named method of the given object with the provided arguments.</doc>
<status status="PASS" start="2025-05-26T21:26:33.820674" elapsed="0.000590"/>
</kw>
<kw name="Evaluate" owner="BuiltIn">
<msg time="2025-05-26T21:26:33.822038" level="INFO">${prefs} = {'credentials_enable_service': False, 'profile.password_manager_enabled': False}</msg>
<var>${prefs}</var>
<arg>{"credentials_enable_service": False, "profile.password_manager_enabled": False}</arg>
<doc>Evaluates the given expression in Python and returns the result.</doc>
<status status="PASS" start="2025-05-26T21:26:33.821524" elapsed="0.000724"/>
</kw>
<kw name="Call Method" owner="BuiltIn">
<arg>${options}</arg>
<arg>add_experimental_option</arg>
<arg>prefs</arg>
<arg>${prefs}</arg>
<doc>Calls the named method of the given object with the provided arguments.</doc>
<status status="PASS" start="2025-05-26T21:26:33.822481" elapsed="0.000518"/>
</kw>
<kw name="Create Webdriver" owner="SeleniumLibrary">
<msg time="2025-05-26T21:26:33.824134" level="INFO">Creating an instance of the Chrome WebDriver.</msg>
<msg time="2025-05-26T21:31:34.985123" level="WARN">There was an error managing chromedriver (error decoding response body); using driver found in the cache</msg>
<arg>Chrome</arg>
<arg>options=${options}</arg>
<doc>Creates an instance of Selenium WebDriver.</doc>
<status status="PASS" start="2025-05-26T21:26:33.823227" elapsed="304.189207"/>
</kw>
<kw name="Go To" owner="SeleniumLibrary">
<msg time="2025-05-26T21:31:38.014560" level="INFO">Opening url 'https://www.saucedemo.com/inventory.html'</msg>
<arg>${url}</arg>
<doc>Navigates the current browser window to the provided ``url``.</doc>
<status status="PASS" start="2025-05-26T21:31:38.013093" elapsed="3.217441"/>
</kw>
<status status="PASS" start="2025-05-26T21:26:33.813737" elapsed="307.417416"/>
</kw>
<kw name="Invalid checkout with">
<kw name="Valid Login" owner="GenericResources">
<kw name="Input Text" owner="SeleniumLibrary">
<msg time="2025-05-26T21:31:41.241803" level="INFO">Typing text 'standard_user' into text field 'id=user-name'.</msg>
<arg>id=user-name</arg>
<arg>${valid_uname}</arg>
<doc>Types the given ``text`` into the text field identified by ``locator``.</doc>
<status status="PASS" start="2025-05-26T21:31:41.240078" elapsed="0.707586"/>
</kw>
<kw name="Input Password" owner="SeleniumLibrary">
<msg time="2025-05-26T21:31:41.949831" level="INFO">Typing password into text field 'id=password'.</msg>
<msg time="2025-05-26T21:31:42.068786" level="INFO">Temporally setting log level to: NONE</msg>
<arg>id=password</arg>
<arg>${valid_pass}</arg>
<doc>Types the given password into the text field identified by ``locator``.</doc>
<status status="PASS" start="2025-05-26T21:31:41.948415" elapsed="0.242725"/>
</kw>
<kw name="Click Button" owner="SeleniumLibrary">
<msg time="2025-05-26T21:31:42.193128" level="INFO">Clicking button 'id=login-button'.</msg>
<arg>${login_btn}</arg>
<doc>Clicks the button identified by ``locator``.</doc>
<status status="PASS" start="2025-05-26T21:31:42.191676" elapsed="0.234332"/>
</kw>
<arg>${valid_uname}</arg>
<arg>${valid_pass}</arg>
<status status="PASS" start="2025-05-26T21:31:41.238330" elapsed="1.188765"/>
</kw>
<kw name="Verify the product page opens" owner="CheckoutResources">
<kw name="Element Should Contain" owner="SeleniumLibrary">
<msg time="2025-05-26T21:31:42.515847" level="INFO">Element 'xpath=//div[text()='Sauce Labs Backpack']' contains text 'Sauce Labs Backpack'.</msg>
<arg>${sauce_lab_bag}</arg>
<arg>Sauce Labs Backpack</arg>
<doc>Verifies that element ``locator`` contains text ``expected``.</doc>
<status status="PASS" start="2025-05-26T21:31:42.429476" elapsed="0.086827"/>
</kw>
<kw name="Click Button" owner="SeleniumLibrary">
<msg time="2025-05-26T21:31:42.517823" level="INFO">Clicking button 'xpath=//button[@id='add-to-cart-sauce-labs-backpack']'.</msg>
<arg>xpath=//button[@id='add-to-cart-sauce-labs-backpack']</arg>
<doc>Clicks the button identified by ``locator``.</doc>
<status status="PASS" start="2025-05-26T21:31:42.517029" elapsed="0.171488"/>
</kw>
<kw name="Click Element" owner="SeleniumLibrary">
<msg time="2025-05-26T21:31:42.689440" level="INFO">Clicking element 'class=shopping_cart_link'.</msg>
<arg>class=shopping_cart_link</arg>
<doc>Click the element identified by ``locator``.</doc>
<status status="PASS" start="2025-05-26T21:31:42.688894" elapsed="0.098148"/>
</kw>
<kw name="Sleep" owner="BuiltIn">
<msg time="2025-05-26T21:31:44.788976" level="INFO">Slept 2 seconds.</msg>
<arg>2</arg>
<doc>Pauses the test executed for the given time.</doc>
<status status="PASS" start="2025-05-26T21:31:42.787594" elapsed="2.002110"/>
</kw>
<kw name="Click Button" owner="SeleniumLibrary">
<msg time="2025-05-26T21:31:44.791372" level="INFO">Clicking button 'id=checkout'.</msg>
<arg>id=checkout</arg>
<doc>Clicks the button identified by ``locator``.</doc>
<status status="PASS" start="2025-05-26T21:31:44.790226" elapsed="0.252276"/>
</kw>
<status status="PASS" start="2025-05-26T21:31:42.428052" elapsed="2.615020"/>
</kw>
<kw name="Input Text" owner="SeleniumLibrary">
<msg time="2025-05-26T21:31:45.046055" level="INFO">Typing text '' into text field 'xpath=//input[@id="first-name"]'.</msg>
<arg>xpath=//input[@id="first-name"]</arg>
<arg>${Firstname}</arg>
<doc>Types the given ``text`` into the text field identified by ``locator``.</doc>
<status status="PASS" start="2025-05-26T21:31:45.045098" elapsed="0.132478"/>
</kw>
<kw name="Input Text" owner="SeleniumLibrary">
<msg time="2025-05-26T21:31:45.178725" level="INFO">Typing text 'ravi' into text field 'xpath=//input[@id="last-name"]'.</msg>
<arg>xpath=//input[@id="last-name"]</arg>
<arg>${Lastname}</arg>
<doc>Types the given ``text`` into the text field identified by ``locator``.</doc>
<status status="PASS" start="2025-05-26T21:31:45.177941" elapsed="0.315464"/>
</kw>
<kw name="Input Text" owner="SeleniumLibrary">
<msg time="2025-05-26T21:31:45.495088" level="INFO">Typing text '123' into text field 'xpath=//input[@id="postal-code"]'.</msg>
<arg>xpath=//input[@id="postal-code"]</arg>
<arg>${Zipcode}</arg>
<doc>Types the given ``text`` into the text field identified by ``locator``.</doc>
<status status="PASS" start="2025-05-26T21:31:45.494098" elapsed="1.104917"/>
</kw>
<kw name="Click Button" owner="SeleniumLibrary">
<msg time="2025-05-26T21:31:46.600380" level="INFO">Clicking button 'xpath="//input[@id="continue"]"'.</msg>
<msg time="2025-05-26T21:31:47.262978" level="INFO" html="true">&lt;/td&gt;&lt;/tr&gt;&lt;tr&gt;&lt;td colspan="3"&gt;&lt;a href="selenium-screenshot-16.png"&gt;&lt;img src="selenium-screenshot-16.png" width="800px"&gt;&lt;/a&gt;</msg>
<msg time="2025-05-26T21:31:47.263814" level="FAIL">InvalidSelectorException: Message: invalid selector: Unable to locate an element with the xpath expression "//input[@id="continue"]" because of the following error:
SyntaxError: Failed to execute 'evaluate' on 'Document': The string '"//input[@id="continue"]"' is not a valid XPath expression.
  (Session info: chrome=136.0.7103.114); For documentation on this error, please visit: https://www.selenium.dev/documentation/webdriver/troubleshooting/errors#invalid-selector-exception
Stacktrace:
	GetHandleVerifier [0x00007FF73174CF65+75717]
	GetHandleVerifier [0x00007FF73174CFC0+75808]
	(No symbol) [0x00007FF731518F9A]
	(No symbol) [0x00007FF731520998]
	(No symbol) [0x00007FF731523A0C]
	(No symbol) [0x00007FF731523ADF]
	(No symbol) [0x00007FF73156ED77]
	(No symbol) [0x00007FF73156F77C]
	(No symbol) [0x00007FF7315C25A7]
	(No symbol) [0x00007FF7315973BF]
	(No symbol) [0x00007FF7315BF39C]
	(No symbol) [0x00007FF731597153]
	(No symbol) [0x00007FF731560421]
	(No symbol) [0x00007FF7315611B3]
	GetHandleVerifier [0x00007FF731A4D74D+3223469]
	GetHandleVerifier [0x00007FF731A47CF2+3200338]
	GetHandleVerifier [0x00007FF731A65B23+3322755]
	GetHandleVerifier [0x00007FF731766A3A+180890]
	GetHandleVerifier [0x00007FF73176E13F+211359]
	GetHandleVerifier [0x00007FF7317552B4+109332]
	GetHandleVerifier [0x00007FF731755462+109762]
	GetHandleVerifier [0x00007FF73173BA79+4825]
	BaseThreadInitThunk [0x00007FFC77137374+20]
	RtlUserThreadStart [0x00007FFC7867CC91+33]
</msg>
<arg>xpath="//input[@id="continue"]"</arg>
<doc>Clicks the button identified by ``locator``.</doc>
<status status="FAIL" start="2025-05-26T21:31:46.599592" elapsed="0.678384">InvalidSelectorException: Message: invalid selector: Unable to locate an element with the xpath expression "//input[@id="continue"]" because of the following error:
SyntaxError: Failed to execute 'evaluate' on 'Document': The string '"//input[@id="continue"]"' is not a valid XPath expression.
  (Session info: chrome=136.0.7103.114); For documentation on this error, please visit: https://www.selenium.dev/documentation/webdriver/troubleshooting/errors#invalid-selector-exception
Stacktrace:
	GetHandleVerifier [0x00007FF73174CF65+75717]
	GetHandleVerifier [0x00007FF73174CFC0+75808]
	(No symbol) [0x00007FF731518F9A]
	(No symbol) [0x00007FF731520998]
	(No symbol) [0x00007FF731523A0C]
	(No symbol) [0x00007FF731523ADF]
	(No symbol) [0x00007FF73156ED77]
	(No symbol) [0x00007FF73156F77C]
	(No symbol) [0x00007FF7315C25A7]
	(No symbol) [0x00007FF7315973BF]
	(No symbol) [0x00007FF7315BF39C]
	(No symbol) [0x00007FF731597153]
	(No symbol) [0x00007FF731560421]
	(No symbol) [0x00007FF7315611B3]
	GetHandleVerifier [0x00007FF731A4D74D+3223469]
	GetHandleVerifier [0x00007FF731A47CF2+3200338]
	GetHandleVerifier [0x00007FF731A65B23+3322755]
	GetHandleVerifier [0x00007FF731766A3A+180890]
	GetHandleVerifier [0x00007FF73176E13F+211359]
	GetHandleVerifier [0x00007FF7317552B4+109332]
	GetHandleVerifier [0x00007FF731755462+109762]
	GetHandleVerifier [0x00007FF73173BA79+4825]
	BaseThreadInitThunk [0x00007FFC77137374+20]
	RtlUserThreadStart [0x00007FFC7867CC91+33]
</status>
</kw>
<if>
<branch type="IF" condition="'${Firstname}' == ''">
<kw name="Verify the firstname required message" owner="CheckoutResources">
<status status="NOT RUN" start="2025-05-26T21:31:47.279273" elapsed="0.000405"/>
</kw>
<status status="NOT RUN" start="2025-05-26T21:31:47.278572" elapsed="0.001347"/>
</branch>
<branch type="ELSE IF" condition="'${Lastname}' == ''">
<kw name="Verify the lastname required message" owner="CheckoutResources">
<status status="NOT RUN" start="2025-05-26T21:31:47.282064" elapsed="0.000627"/>
</kw>
<status status="NOT RUN" start="2025-05-26T21:31:47.280105" elapsed="0.002863"/>
</branch>
<branch type="ELSE IF" condition="'${Zipcode}' == ''">
<kw name="Verify the zipcode required message" owner="CheckoutResources">
<status status="NOT RUN" start="2025-05-26T21:31:47.284299" elapsed="0.000412"/>
</kw>
<status status="NOT RUN" start="2025-05-26T21:31:47.283324" elapsed="0.001634"/>
</branch>
<branch type="ELSE">
<kw name="Verify the success checkout message" owner="CheckoutResources">
<status status="NOT RUN" start="2025-05-26T21:31:47.285838" elapsed="0.000475"/>
</kw>
<status status="NOT RUN" start="2025-05-26T21:31:47.285121" elapsed="0.002007"/>
</branch>
<status status="NOT RUN" start="2025-05-26T21:31:47.278477" elapsed="0.008986"/>
</if>
<arg>Firstname=</arg>
<arg>Lastname=ravi</arg>
<arg>Zipcode=123</arg>
<status status="FAIL" start="2025-05-26T21:31:41.236242" elapsed="6.051706">InvalidSelectorException: Message: invalid selector: Unable to locate an element with the xpath expression "//input[@id="continue"]" because of the following error:
SyntaxError: Failed to execute 'evaluate' on 'Document': The string '"//input[@id="continue"]"' is not a valid XPath expression.
  (Session info: chrome=136.0.7103.114); For documentation on this error, please visit: https://www.selenium.dev/documentation/webdriver/troubleshooting/errors#invalid-selector-exception
Stacktrace:
	GetHandleVerifier [0x00007FF73174CF65+75717]
	GetHandleVerifier [0x00007FF73174CFC0+75808]
	(No symbol) [0x00007FF731518F9A]
	(No symbol) [0x00007FF731520998]
	(No symbol) [0x00007FF731523A0C]
	(No symbol) [0x00007FF731523ADF]
	(No symbol) [0x00007FF73156ED77]
	(No symbol) [0x00007FF73156F77C]
	(No symbol) [0x00007FF7315C25A7]
	(No symbol) [0x00007FF7315973BF]
	(No symbol) [0x00007FF7315BF39C]
	(No symbol) [0x00007FF731597153]
	(No symbol) [0x00007FF731560421]
	(No symbol) [0x00007FF7315611B3]
	GetHandleVerifier [0x00007FF731A4D74D+3223469]
	GetHandleVerifier [0x00007FF731A47CF2+3200338]
	GetHandleVerifier [0x00007FF731A65B23+3322755]
	GetHandleVerifier [0x00007FF731766A3A+180890]
	GetHandleVerifier [0x00007FF73176E13F+211359]
	GetHandleVerifier [0x00007FF7317552B4+109332]
	GetHandleVerifier [0x00007FF731755462+109762]
	GetHandleVerifier [0x00007FF73173BA79+4825]
	BaseThreadInitThunk [0x00007FFC77137374+20]
	RtlUserThreadStart [0x00007FFC7867CC91+33]
</status>
</kw>
<kw name="Close Browser Session" owner="GenericResources" type="TEARDOWN">
<kw name="Close Browser" owner="SeleniumLibrary">
<doc>Closes the current browser.</doc>
<status status="PASS" start="2025-05-26T21:31:47.307797" elapsed="3.514268"/>
</kw>
<status status="PASS" start="2025-05-26T21:31:47.306319" elapsed="3.516989"/>
</kw>
<status status="FAIL" start="2025-05-26T21:26:33.809583" elapsed="317.017047">InvalidSelectorException: Message: invalid selector: Unable to locate an element with the xpath expression "//input[@id="continue"]" because of the following error:
SyntaxError: Failed to execute 'evaluate' on 'Document': The string '"//input[@id="continue"]"' is not a valid XPath expression.
  (Session info: chrome=136.0.7103.114); For documentation on this error, please visit: https://www.selenium.dev/documentation/webdriver/troubleshooting/errors#invalid-selector-exception
Stacktrace:
	GetHandleVerifier [0x00007FF73174CF65+75717]
	GetHandleVerifier [0x00007FF73174CFC0+75808]
	(No symbol) [0x00007FF731518F9A]
	(No symbol) [0x00007FF731520998]
	(No symbol) [0x00007FF731523A0C]
	(No symbol) [0x00007FF731523ADF]
	(No symbol) [0x00007FF73156ED77]
	(No symbol) [0x00007FF73156F77C]
	(No symbol) [0x00007FF7315C25A7]
	(No symbol) [0x00007FF7315973BF]
	(No symbol) [0x00007FF7315BF39C]
	(No symbol) [0x00007FF731597153]
	(No symbol) [0x00007FF731560421]
	(No symbol) [0x00007FF7315611B3]
	GetHandleVerifier [0x00007FF731A4D74D+3223469]
	GetHandleVerifier [0x00007FF731A47CF2+3200338]
	GetHandleVerifier [0x00007FF731A65B23+3322755]
	GetHandleVerifier [0x00007FF731766A3A+180890]
	GetHandleVerifier [0x00007FF73176E13F+211359]
	GetHandleVerifier [0x00007FF7317552B4+109332]
	GetHandleVerifier [0x00007FF731755462+109762]
	GetHandleVerifier [0x00007FF73173BA79+4825]
	BaseThreadInitThunk [0x00007FFC77137374+20]
	RtlUserThreadStart [0x00007FFC7867CC91+33]
</status>
</test>
<test id="s1-s1-s1-t2" name="blank_lname" line="17">
<kw name="Open the Browser with the URL" owner="GenericResources" type="SETUP">
<kw name="Evaluate" owner="BuiltIn">
<msg time="2025-05-26T21:31:50.869615" level="INFO">${options} = &lt;selenium.webdriver.chrome.options.Options object at 0x000001E36AA4CCD0&gt;</msg>
<var>${options}</var>
<arg>sys.modules['selenium.webdriver'].ChromeOptions()</arg>
<arg>sys, selenium.webdriver</arg>
<doc>Evaluates the given expression in Python and returns the result.</doc>
<status status="PASS" start="2025-05-26T21:31:50.868012" elapsed="0.001916"/>
</kw>
<kw name="Call Method" owner="BuiltIn">
<arg>${options}</arg>
<arg>add_argument</arg>
<arg>--incognito</arg>
<doc>Calls the named method of the given object with the provided arguments.</doc>
<status status="PASS" start="2025-05-26T21:31:50.870264" elapsed="0.000752"/>
</kw>
<kw name="Call Method" owner="BuiltIn">
<arg>${options}</arg>
<arg>add_argument</arg>
<arg>--disable-extensions</arg>
<doc>Calls the named method of the given object with the provided arguments.</doc>
<status status="PASS" start="2025-05-26T21:31:50.871460" elapsed="0.001076"/>
</kw>
<kw name="Call Method" owner="BuiltIn">
<arg>${options}</arg>
<arg>add_argument</arg>
<arg>--disable-notifications</arg>
<doc>Calls the named method of the given object with the provided arguments.</doc>
<status status="PASS" start="2025-05-26T21:31:50.873079" elapsed="0.000782"/>
</kw>
<kw name="Call Method" owner="BuiltIn">
<arg>${options}</arg>
<arg>add_argument</arg>
<arg>--disable-popup-blocking</arg>
<doc>Calls the named method of the given object with the provided arguments.</doc>
<status status="PASS" start="2025-05-26T21:31:50.874329" elapsed="0.000549"/>
</kw>
<kw name="Call Method" owner="BuiltIn">
<arg>${options}</arg>
<arg>add_argument</arg>
<arg>--start-maximized</arg>
<doc>Calls the named method of the given object with the provided arguments.</doc>
<status status="PASS" start="2025-05-26T21:31:50.875133" elapsed="0.000395"/>
</kw>
<kw name="Evaluate" owner="BuiltIn">
<msg time="2025-05-26T21:31:50.876255" level="INFO">${prefs} = {'credentials_enable_service': False, 'profile.password_manager_enabled': False}</msg>
<var>${prefs}</var>
<arg>{"credentials_enable_service": False, "profile.password_manager_enabled": False}</arg>
<doc>Evaluates the given expression in Python and returns the result.</doc>
<status status="PASS" start="2025-05-26T21:31:50.875765" elapsed="0.000924"/>
</kw>
<kw name="Call Method" owner="BuiltIn">
<arg>${options}</arg>
<arg>add_experimental_option</arg>
<arg>prefs</arg>
<arg>${prefs}</arg>
<doc>Calls the named method of the given object with the provided arguments.</doc>
<status status="PASS" start="2025-05-26T21:31:50.877185" elapsed="0.000880"/>
</kw>
<kw name="Create Webdriver" owner="SeleniumLibrary">
<msg time="2025-05-26T21:31:50.879617" level="INFO">Creating an instance of the Chrome WebDriver.</msg>
<arg>Chrome</arg>
<arg>options=${options}</arg>
<doc>Creates an instance of Selenium WebDriver.</doc>
<status status="PASS" start="2025-05-26T21:31:50.878639" elapsed="2.951346"/>
</kw>
<kw name="Go To" owner="SeleniumLibrary">
<msg time="2025-05-26T21:31:53.831506" level="INFO">Opening url 'https://www.saucedemo.com/inventory.html'</msg>
<arg>${url}</arg>
<doc>Navigates the current browser window to the provided ``url``.</doc>
<status status="PASS" start="2025-05-26T21:31:53.830588" elapsed="3.555367"/>
</kw>
<status status="PASS" start="2025-05-26T21:31:50.866400" elapsed="6.521523"/>
</kw>
<kw name="Invalid checkout with">
<kw name="Valid Login" owner="GenericResources">
<kw name="Input Text" owner="SeleniumLibrary">
<msg time="2025-05-26T21:31:57.400968" level="INFO">Typing text 'standard_user' into text field 'id=user-name'.</msg>
<arg>id=user-name</arg>
<arg>${valid_uname}</arg>
<doc>Types the given ``text`` into the text field identified by ``locator``.</doc>
<status status="PASS" start="2025-05-26T21:31:57.399785" elapsed="0.231533"/>
</kw>
<kw name="Input Password" owner="SeleniumLibrary">
<msg time="2025-05-26T21:31:57.632996" level="INFO">Typing password into text field 'id=password'.</msg>
<msg time="2025-05-26T21:31:57.718115" level="INFO">Temporally setting log level to: NONE</msg>
<arg>id=password</arg>
<arg>${valid_pass}</arg>
<doc>Types the given password into the text field identified by ``locator``.</doc>
<status status="PASS" start="2025-05-26T21:31:57.631988" elapsed="0.208565"/>
</kw>
<kw name="Click Button" owner="SeleniumLibrary">
<msg time="2025-05-26T21:31:57.843527" level="INFO">Clicking button 'id=login-button'.</msg>
<arg>${login_btn}</arg>
<doc>Clicks the button identified by ``locator``.</doc>
<status status="PASS" start="2025-05-26T21:31:57.841254" elapsed="0.532884"/>
</kw>
<arg>${valid_uname}</arg>
<arg>${valid_pass}</arg>
<status status="PASS" start="2025-05-26T21:31:57.395598" elapsed="0.979006"/>
</kw>
<kw name="Verify the product page opens" owner="CheckoutResources">
<kw name="Element Should Contain" owner="SeleniumLibrary">
<msg time="2025-05-26T21:31:58.940096" level="INFO">Element 'xpath=//div[text()='Sauce Labs Backpack']' contains text 'Sauce Labs Backpack'.</msg>
<arg>${sauce_lab_bag}</arg>
<arg>Sauce Labs Backpack</arg>
<doc>Verifies that element ``locator`` contains text ``expected``.</doc>
<status status="PASS" start="2025-05-26T21:31:58.376878" elapsed="0.563924"/>
</kw>
<kw name="Click Button" owner="SeleniumLibrary">
<msg time="2025-05-26T21:31:58.942158" level="INFO">Clicking button 'xpath=//button[@id='add-to-cart-sauce-labs-backpack']'.</msg>
<arg>xpath=//button[@id='add-to-cart-sauce-labs-backpack']</arg>
<doc>Clicks the button identified by ``locator``.</doc>
<status status="PASS" start="2025-05-26T21:31:58.941264" elapsed="0.279250"/>
</kw>
<kw name="Click Element" owner="SeleniumLibrary">
<msg time="2025-05-26T21:31:59.221937" level="INFO">Clicking element 'class=shopping_cart_link'.</msg>
<arg>class=shopping_cart_link</arg>
<doc>Click the element identified by ``locator``.</doc>
<status status="PASS" start="2025-05-26T21:31:59.221119" elapsed="0.241179"/>
</kw>
<kw name="Sleep" owner="BuiltIn">
<msg time="2025-05-26T21:32:01.464240" level="INFO">Slept 2 seconds.</msg>
<arg>2</arg>
<doc>Pauses the test executed for the given time.</doc>
<status status="PASS" start="2025-05-26T21:31:59.462818" elapsed="2.003213"/>
</kw>
<kw name="Click Button" owner="SeleniumLibrary">
<msg time="2025-05-26T21:32:01.472172" level="INFO">Clicking button 'id=checkout'.</msg>
<arg>id=checkout</arg>
<doc>Clicks the button identified by ``locator``.</doc>
<status status="PASS" start="2025-05-26T21:32:01.467720" elapsed="0.294133"/>
</kw>
<status status="PASS" start="2025-05-26T21:31:58.375238" elapsed="3.387162"/>
</kw>
<kw name="Input Text" owner="SeleniumLibrary">
<msg time="2025-05-26T21:32:01.766320" level="INFO">Typing text 'laks' into text field 'xpath=//input[@id="first-name"]'.</msg>
<arg>xpath=//input[@id="first-name"]</arg>
<arg>${Firstname}</arg>
<doc>Types the given ``text`` into the text field identified by ``locator``.</doc>
<status status="PASS" start="2025-05-26T21:32:01.763334" elapsed="0.162135"/>
</kw>
<kw name="Input Text" owner="SeleniumLibrary">
<msg time="2025-05-26T21:32:01.926899" level="INFO">Typing text '' into text field 'xpath=//input[@id="last-name"]'.</msg>
<arg>xpath=//input[@id="last-name"]</arg>
<arg>${Lastname}</arg>
<doc>Types the given ``text`` into the text field identified by ``locator``.</doc>
<status status="PASS" start="2025-05-26T21:32:01.925916" elapsed="0.116959"/>
</kw>
<kw name="Input Text" owner="SeleniumLibrary">
<msg time="2025-05-26T21:32:02.044316" level="INFO">Typing text '123' into text field 'xpath=//input[@id="postal-code"]'.</msg>
<arg>xpath=//input[@id="postal-code"]</arg>
<arg>${Zipcode}</arg>
<doc>Types the given ``text`` into the text field identified by ``locator``.</doc>
<status status="PASS" start="2025-05-26T21:32:02.043373" elapsed="0.148475"/>
</kw>
<kw name="Click Button" owner="SeleniumLibrary">
<msg time="2025-05-26T21:32:02.193292" level="INFO">Clicking button 'xpath="//input[@id="continue"]"'.</msg>
<msg time="2025-05-26T21:32:02.550690" level="INFO" html="true">&lt;/td&gt;&lt;/tr&gt;&lt;tr&gt;&lt;td colspan="3"&gt;&lt;a href="selenium-screenshot-18.png"&gt;&lt;img src="selenium-screenshot-18.png" width="800px"&gt;&lt;/a&gt;</msg>
<msg time="2025-05-26T21:32:02.551481" level="FAIL">InvalidSelectorException: Message: invalid selector: Unable to locate an element with the xpath expression "//input[@id="continue"]" because of the following error:
SyntaxError: Failed to execute 'evaluate' on 'Document': The string '"//input[@id="continue"]"' is not a valid XPath expression.
  (Session info: chrome=136.0.7103.114); For documentation on this error, please visit: https://www.selenium.dev/documentation/webdriver/troubleshooting/errors#invalid-selector-exception
Stacktrace:
	GetHandleVerifier [0x00007FF67168CF45+75717]
	GetHandleVerifier [0x00007FF67168CFA0+75808]
	(No symbol) [0x00007FF671458F9A]
	(No symbol) [0x00007FF671460998]
	(No symbol) [0x00007FF671463A0C]
	(No symbol) [0x00007FF671463ADF]
	(No symbol) [0x00007FF6714AED77]
	(No symbol) [0x00007FF6714AF77C]
	(No symbol) [0x00007FF6715025A7]
	(No symbol) [0x00007FF6714D73BF]
	(No symbol) [0x00007FF6714FF39C]
	(No symbol) [0x00007FF6714D7153]
	(No symbol) [0x00007FF6714A0421]
	(No symbol) [0x00007FF6714A11B3]
	GetHandleVerifier [0x00007FF67198D71D+3223453]
	GetHandleVerifier [0x00007FF671987CC2+3200322]
	GetHandleVerifier [0x00007FF6719A5AF3+3322739]
	GetHandleVerifier [0x00007FF6716A6A1A+180890]
	GetHandleVerifier [0x00007FF6716AE11F+211359]
	GetHandleVerifier [0x00007FF671695294+109332]
	GetHandleVerifier [0x00007FF671695442+109762]
	GetHandleVerifier [0x00007FF67167BA59+4825]
	BaseThreadInitThunk [0x00007FFC77137374+20]
	RtlUserThreadStart [0x00007FFC7867CC91+33]
</msg>
<arg>xpath="//input[@id="continue"]"</arg>
<doc>Clicks the button identified by ``locator``.</doc>
<status status="FAIL" start="2025-05-26T21:32:02.192402" elapsed="0.367166">InvalidSelectorException: Message: invalid selector: Unable to locate an element with the xpath expression "//input[@id="continue"]" because of the following error:
SyntaxError: Failed to execute 'evaluate' on 'Document': The string '"//input[@id="continue"]"' is not a valid XPath expression.
  (Session info: chrome=136.0.7103.114); For documentation on this error, please visit: https://www.selenium.dev/documentation/webdriver/troubleshooting/errors#invalid-selector-exception
Stacktrace:
	GetHandleVerifier [0x00007FF67168CF45+75717]
	GetHandleVerifier [0x00007FF67168CFA0+75808]
	(No symbol) [0x00007FF671458F9A]
	(No symbol) [0x00007FF671460998]
	(No symbol) [0x00007FF671463A0C]
	(No symbol) [0x00007FF671463ADF]
	(No symbol) [0x00007FF6714AED77]
	(No symbol) [0x00007FF6714AF77C]
	(No symbol) [0x00007FF6715025A7]
	(No symbol) [0x00007FF6714D73BF]
	(No symbol) [0x00007FF6714FF39C]
	(No symbol) [0x00007FF6714D7153]
	(No symbol) [0x00007FF6714A0421]
	(No symbol) [0x00007FF6714A11B3]
	GetHandleVerifier [0x00007FF67198D71D+3223453]
	GetHandleVerifier [0x00007FF671987CC2+3200322]
	GetHandleVerifier [0x00007FF6719A5AF3+3322739]
	GetHandleVerifier [0x00007FF6716A6A1A+180890]
	GetHandleVerifier [0x00007FF6716AE11F+211359]
	GetHandleVerifier [0x00007FF671695294+109332]
	GetHandleVerifier [0x00007FF671695442+109762]
	GetHandleVerifier [0x00007FF67167BA59+4825]
	BaseThreadInitThunk [0x00007FFC77137374+20]
	RtlUserThreadStart [0x00007FFC7867CC91+33]
</status>
</kw>
<if>
<branch type="IF" condition="'${Firstname}' == ''">
<kw name="Verify the firstname required message" owner="CheckoutResources">
<status status="NOT RUN" start="2025-05-26T21:32:02.560683" elapsed="0.000382"/>
</kw>
<status status="NOT RUN" start="2025-05-26T21:32:02.560067" elapsed="0.001206"/>
</branch>
<branch type="ELSE IF" condition="'${Lastname}' == ''">
<kw name="Verify the lastname required message" owner="CheckoutResources">
<status status="NOT RUN" start="2025-05-26T21:32:02.561934" elapsed="0.000362"/>
</kw>
<status status="NOT RUN" start="2025-05-26T21:32:02.561413" elapsed="0.001084"/>
</branch>
<branch type="ELSE IF" condition="'${Zipcode}' == ''">
<kw name="Verify the zipcode required message" owner="CheckoutResources">
<status status="NOT RUN" start="2025-05-26T21:32:02.563123" elapsed="0.000355"/>
</kw>
<status status="NOT RUN" start="2025-05-26T21:32:02.562630" elapsed="0.001050"/>
</branch>
<branch type="ELSE">
<kw name="Verify the success checkout message" owner="CheckoutResources">
<status status="NOT RUN" start="2025-05-26T21:32:02.564308" elapsed="0.000361"/>
</kw>
<status status="NOT RUN" start="2025-05-26T21:32:02.563824" elapsed="0.001341"/>
</branch>
<status status="NOT RUN" start="2025-05-26T21:32:02.559990" elapsed="0.005493"/>
</if>
<arg>Firstname=laks</arg>
<arg>Lastname=</arg>
<arg>Zipcode=123</arg>
<status status="FAIL" start="2025-05-26T21:31:57.390845" elapsed="5.175106">InvalidSelectorException: Message: invalid selector: Unable to locate an element with the xpath expression "//input[@id="continue"]" because of the following error:
SyntaxError: Failed to execute 'evaluate' on 'Document': The string '"//input[@id="continue"]"' is not a valid XPath expression.
  (Session info: chrome=136.0.7103.114); For documentation on this error, please visit: https://www.selenium.dev/documentation/webdriver/troubleshooting/errors#invalid-selector-exception
Stacktrace:
	GetHandleVerifier [0x00007FF67168CF45+75717]
	GetHandleVerifier [0x00007FF67168CFA0+75808]
	(No symbol) [0x00007FF671458F9A]
	(No symbol) [0x00007FF671460998]
	(No symbol) [0x00007FF671463A0C]
	(No symbol) [0x00007FF671463ADF]
	(No symbol) [0x00007FF6714AED77]
	(No symbol) [0x00007FF6714AF77C]
	(No symbol) [0x00007FF6715025A7]
	(No symbol) [0x00007FF6714D73BF]
	(No symbol) [0x00007FF6714FF39C]
	(No symbol) [0x00007FF6714D7153]
	(No symbol) [0x00007FF6714A0421]
	(No symbol) [0x00007FF6714A11B3]
	GetHandleVerifier [0x00007FF67198D71D+3223453]
	GetHandleVerifier [0x00007FF671987CC2+3200322]
	GetHandleVerifier [0x00007FF6719A5AF3+3322739]
	GetHandleVerifier [0x00007FF6716A6A1A+180890]
	GetHandleVerifier [0x00007FF6716AE11F+211359]
	GetHandleVerifier [0x00007FF671695294+109332]
	GetHandleVerifier [0x00007FF671695442+109762]
	GetHandleVerifier [0x00007FF67167BA59+4825]
	BaseThreadInitThunk [0x00007FFC77137374+20]
	RtlUserThreadStart [0x00007FFC7867CC91+33]
</status>
</kw>
<kw name="Close Browser Session" owner="GenericResources" type="TEARDOWN">
<kw name="Close Browser" owner="SeleniumLibrary">
<doc>Closes the current browser.</doc>
<status status="PASS" start="2025-05-26T21:32:02.568319" elapsed="2.532061"/>
</kw>
<status status="PASS" start="2025-05-26T21:32:02.567245" elapsed="2.533570"/>
</kw>
<status status="FAIL" start="2025-05-26T21:31:50.859865" elapsed="14.241685">InvalidSelectorException: Message: invalid selector: Unable to locate an element with the xpath expression "//input[@id="continue"]" because of the following error:
SyntaxError: Failed to execute 'evaluate' on 'Document': The string '"//input[@id="continue"]"' is not a valid XPath expression.
  (Session info: chrome=136.0.7103.114); For documentation on this error, please visit: https://www.selenium.dev/documentation/webdriver/troubleshooting/errors#invalid-selector-exception
Stacktrace:
	GetHandleVerifier [0x00007FF67168CF45+75717]
	GetHandleVerifier [0x00007FF67168CFA0+75808]
	(No symbol) [0x00007FF671458F9A]
	(No symbol) [0x00007FF671460998]
	(No symbol) [0x00007FF671463A0C]
	(No symbol) [0x00007FF671463ADF]
	(No symbol) [0x00007FF6714AED77]
	(No symbol) [0x00007FF6714AF77C]
	(No symbol) [0x00007FF6715025A7]
	(No symbol) [0x00007FF6714D73BF]
	(No symbol) [0x00007FF6714FF39C]
	(No symbol) [0x00007FF6714D7153]
	(No symbol) [0x00007FF6714A0421]
	(No symbol) [0x00007FF6714A11B3]
	GetHandleVerifier [0x00007FF67198D71D+3223453]
	GetHandleVerifier [0x00007FF671987CC2+3200322]
	GetHandleVerifier [0x00007FF6719A5AF3+3322739]
	GetHandleVerifier [0x00007FF6716A6A1A+180890]
	GetHandleVerifier [0x00007FF6716AE11F+211359]
	GetHandleVerifier [0x00007FF671695294+109332]
	GetHandleVerifier [0x00007FF671695442+109762]
	GetHandleVerifier [0x00007FF67167BA59+4825]
	BaseThreadInitThunk [0x00007FFC77137374+20]
	RtlUserThreadStart [0x00007FFC7867CC91+33]
</status>
</test>
<test id="s1-s1-s1-t3" name="blank_zipcode" line="17">
<kw name="Open the Browser with the URL" owner="GenericResources" type="SETUP">
<kw name="Evaluate" owner="BuiltIn">
<msg time="2025-05-26T21:32:05.160098" level="INFO">${options} = &lt;selenium.webdriver.chrome.options.Options object at 0x000001E36AA4DF90&gt;</msg>
<var>${options}</var>
<arg>sys.modules['selenium.webdriver'].ChromeOptions()</arg>
<arg>sys, selenium.webdriver</arg>
<doc>Evaluates the given expression in Python and returns the result.</doc>
<status status="PASS" start="2025-05-26T21:32:05.158773" elapsed="0.001867"/>
</kw>
<kw name="Call Method" owner="BuiltIn">
<arg>${options}</arg>
<arg>add_argument</arg>
<arg>--incognito</arg>
<doc>Calls the named method of the given object with the provided arguments.</doc>
<status status="PASS" start="2025-05-26T21:32:05.161105" elapsed="0.002344"/>
</kw>
<kw name="Call Method" owner="BuiltIn">
<arg>${options}</arg>
<arg>add_argument</arg>
<arg>--disable-extensions</arg>
<doc>Calls the named method of the given object with the provided arguments.</doc>
<status status="PASS" start="2025-05-26T21:32:05.165018" elapsed="0.004211"/>
</kw>
<kw name="Call Method" owner="BuiltIn">
<arg>${options}</arg>
<arg>add_argument</arg>
<arg>--disable-notifications</arg>
<doc>Calls the named method of the given object with the provided arguments.</doc>
<status status="PASS" start="2025-05-26T21:32:05.169956" elapsed="0.000830"/>
</kw>
<kw name="Call Method" owner="BuiltIn">
<arg>${options}</arg>
<arg>add_argument</arg>
<arg>--disable-popup-blocking</arg>
<doc>Calls the named method of the given object with the provided arguments.</doc>
<status status="PASS" start="2025-05-26T21:32:05.171074" elapsed="0.000451"/>
</kw>
<kw name="Call Method" owner="BuiltIn">
<arg>${options}</arg>
<arg>add_argument</arg>
<arg>--start-maximized</arg>
<doc>Calls the named method of the given object with the provided arguments.</doc>
<status status="PASS" start="2025-05-26T21:32:05.171766" elapsed="0.000565"/>
</kw>
<kw name="Evaluate" owner="BuiltIn">
<msg time="2025-05-26T21:32:05.173556" level="INFO">${prefs} = {'credentials_enable_service': False, 'profile.password_manager_enabled': False}</msg>
<var>${prefs}</var>
<arg>{"credentials_enable_service": False, "profile.password_manager_enabled": False}</arg>
<doc>Evaluates the given expression in Python and returns the result.</doc>
<status status="PASS" start="2025-05-26T21:32:05.172789" elapsed="0.001093"/>
</kw>
<kw name="Call Method" owner="BuiltIn">
<arg>${options}</arg>
<arg>add_experimental_option</arg>
<arg>prefs</arg>
<arg>${prefs}</arg>
<doc>Calls the named method of the given object with the provided arguments.</doc>
<status status="PASS" start="2025-05-26T21:32:05.174341" elapsed="0.001017"/>
</kw>
<kw name="Create Webdriver" owner="SeleniumLibrary">
<msg time="2025-05-26T21:32:05.176861" level="INFO">Creating an instance of the Chrome WebDriver.</msg>
<arg>Chrome</arg>
<arg>options=${options}</arg>
<doc>Creates an instance of Selenium WebDriver.</doc>
<status status="PASS" start="2025-05-26T21:32:05.175818" elapsed="1.832339"/>
</kw>
<kw name="Go To" owner="SeleniumLibrary">
<msg time="2025-05-26T21:32:07.009710" level="INFO">Opening url 'https://www.saucedemo.com/inventory.html'</msg>
<arg>${url}</arg>
<doc>Navigates the current browser window to the provided ``url``.</doc>
<status status="PASS" start="2025-05-26T21:32:07.008799" elapsed="0.753148"/>
</kw>
<status status="PASS" start="2025-05-26T21:32:05.157203" elapsed="2.605283"/>
</kw>
<kw name="Invalid checkout with">
<kw name="Valid Login" owner="GenericResources">
<kw name="Input Text" owner="SeleniumLibrary">
<msg time="2025-05-26T21:32:07.768249" level="INFO">Typing text 'standard_user' into text field 'id=user-name'.</msg>
<msg time="2025-05-26T21:32:08.081087" level="INFO" html="true">&lt;/td&gt;&lt;/tr&gt;&lt;tr&gt;&lt;td colspan="3"&gt;&lt;a href="selenium-screenshot-19.png"&gt;&lt;img src="selenium-screenshot-19.png" width="800px"&gt;&lt;/a&gt;</msg>
<msg time="2025-05-26T21:32:08.081786" level="FAIL">Element with locator 'id=user-name' not found.</msg>
<arg>id=user-name</arg>
<arg>${valid_uname}</arg>
<doc>Types the given ``text`` into the text field identified by ``locator``.</doc>
<status status="FAIL" start="2025-05-26T21:32:07.767153" elapsed="0.320613">Element with locator 'id=user-name' not found.</status>
</kw>
<kw name="Input Password" owner="SeleniumLibrary">
<arg>id=password</arg>
<arg>${valid_pass}</arg>
<doc>Types the given password into the text field identified by ``locator``.</doc>
<status status="NOT RUN" start="2025-05-26T21:32:08.088346" elapsed="0.000435"/>
</kw>
<kw name="Click Button" owner="SeleniumLibrary">
<arg>${login_btn}</arg>
<doc>Clicks the button identified by ``locator``.</doc>
<status status="NOT RUN" start="2025-05-26T21:32:08.089226" elapsed="0.000363"/>
</kw>
<arg>${valid_uname}</arg>
<arg>${valid_pass}</arg>
<status status="FAIL" start="2025-05-26T21:32:07.765653" elapsed="0.324410">Element with locator 'id=user-name' not found.</status>
</kw>
<kw name="Verify the product page opens" owner="CheckoutResources">
<status status="NOT RUN" start="2025-05-26T21:32:08.090630" elapsed="0.000564"/>
</kw>
<kw name="Input Text" owner="SeleniumLibrary">
<arg>xpath=//input[@id="first-name"]</arg>
<arg>${Firstname}</arg>
<doc>Types the given ``text`` into the text field identified by ``locator``.</doc>
<status status="NOT RUN" start="2025-05-26T21:32:08.091670" elapsed="0.000440"/>
</kw>
<kw name="Input Text" owner="SeleniumLibrary">
<arg>xpath=//input[@id="last-name"]</arg>
<arg>${Lastname}</arg>
<doc>Types the given ``text`` into the text field identified by ``locator``.</doc>
<status status="NOT RUN" start="2025-05-26T21:32:08.092568" elapsed="0.000395"/>
</kw>
<kw name="Input Text" owner="SeleniumLibrary">
<arg>xpath=//input[@id="postal-code"]</arg>
<arg>${Zipcode}</arg>
<doc>Types the given ``text`` into the text field identified by ``locator``.</doc>
<status status="NOT RUN" start="2025-05-26T21:32:08.093457" elapsed="0.000457"/>
</kw>
<kw name="Click Button" owner="SeleniumLibrary">
<arg>xpath="//input[@id="continue"]"</arg>
<doc>Clicks the button identified by ``locator``.</doc>
<status status="NOT RUN" start="2025-05-26T21:32:08.094243" elapsed="0.000285"/>
</kw>
<if>
<branch type="IF" condition="'${Firstname}' == ''">
<kw name="Verify the firstname required message" owner="CheckoutResources">
<status status="NOT RUN" start="2025-05-26T21:32:08.095261" elapsed="0.000492"/>
</kw>
<status status="NOT RUN" start="2025-05-26T21:32:08.094769" elapsed="0.002183"/>
</branch>
<branch type="ELSE IF" condition="'${Lastname}' == ''">
<kw name="Verify the lastname required message" owner="CheckoutResources">
<status status="NOT RUN" start="2025-05-26T21:32:08.097977" elapsed="0.000981"/>
</kw>
<status status="NOT RUN" start="2025-05-26T21:32:08.097320" elapsed="0.002102"/>
</branch>
<branch type="ELSE IF" condition="'${Zipcode}' == ''">
<kw name="Verify the zipcode required message" owner="CheckoutResources">
<status status="NOT RUN" start="2025-05-26T21:32:08.101642" elapsed="0.001050"/>
</kw>
<status status="NOT RUN" start="2025-05-26T21:32:08.099860" elapsed="0.003140"/>
</branch>
<branch type="ELSE">
<kw name="Verify the success checkout message" owner="CheckoutResources">
<status status="NOT RUN" start="2025-05-26T21:32:08.104047" elapsed="0.000494"/>
</kw>
<status status="NOT RUN" start="2025-05-26T21:32:08.103156" elapsed="0.001734"/>
</branch>
<status status="NOT RUN" start="2025-05-26T21:32:08.094720" elapsed="0.010331"/>
</if>
<arg>Firstname=laks</arg>
<arg>Lastname=ravi</arg>
<arg>Zipcode= </arg>
<status status="FAIL" start="2025-05-26T21:32:07.764094" elapsed="0.341278">Element with locator 'id=user-name' not found.</status>
</kw>
<kw name="Close Browser Session" owner="GenericResources" type="TEARDOWN">
<kw name="Close Browser" owner="SeleniumLibrary">
<doc>Closes the current browser.</doc>
<status status="PASS" start="2025-05-26T21:32:08.107855" elapsed="2.290883"/>
</kw>
<status status="PASS" start="2025-05-26T21:32:08.106781" elapsed="2.292699"/>
</kw>
<status status="FAIL" start="2025-05-26T21:32:05.144932" elapsed="5.255373">Element with locator 'id=user-name' not found.</status>
</test>
<test id="s1-s1-s1-t4" name="valid_checkout" line="17">
<kw name="Open the Browser with the URL" owner="GenericResources" type="SETUP">
<kw name="Evaluate" owner="BuiltIn">
<msg time="2025-05-26T21:32:10.409611" level="INFO">${options} = &lt;selenium.webdriver.chrome.options.Options object at 0x000001E36AAF0050&gt;</msg>
<var>${options}</var>
<arg>sys.modules['selenium.webdriver'].ChromeOptions()</arg>
<arg>sys, selenium.webdriver</arg>
<doc>Evaluates the given expression in Python and returns the result.</doc>
<status status="PASS" start="2025-05-26T21:32:10.408924" elapsed="0.000913"/>
</kw>
<kw name="Call Method" owner="BuiltIn">
<arg>${options}</arg>
<arg>add_argument</arg>
<arg>--incognito</arg>
<doc>Calls the named method of the given object with the provided arguments.</doc>
<status status="PASS" start="2025-05-26T21:32:10.410558" elapsed="0.001022"/>
</kw>
<kw name="Call Method" owner="BuiltIn">
<arg>${options}</arg>
<arg>add_argument</arg>
<arg>--disable-extensions</arg>
<doc>Calls the named method of the given object with the provided arguments.</doc>
<status status="PASS" start="2025-05-26T21:32:10.411946" elapsed="0.000978"/>
</kw>
<kw name="Call Method" owner="BuiltIn">
<arg>${options}</arg>
<arg>add_argument</arg>
<arg>--disable-notifications</arg>
<doc>Calls the named method of the given object with the provided arguments.</doc>
<status status="PASS" start="2025-05-26T21:32:10.413363" elapsed="0.000851"/>
</kw>
<kw name="Call Method" owner="BuiltIn">
<arg>${options}</arg>
<arg>add_argument</arg>
<arg>--disable-popup-blocking</arg>
<doc>Calls the named method of the given object with the provided arguments.</doc>
<status status="PASS" start="2025-05-26T21:32:10.414692" elapsed="0.000900"/>
</kw>
<kw name="Call Method" owner="BuiltIn">
<arg>${options}</arg>
<arg>add_argument</arg>
<arg>--start-maximized</arg>
<doc>Calls the named method of the given object with the provided arguments.</doc>
<status status="PASS" start="2025-05-26T21:32:10.416120" elapsed="0.000782"/>
</kw>
<kw name="Evaluate" owner="BuiltIn">
<msg time="2025-05-26T21:32:10.417888" level="INFO">${prefs} = {'credentials_enable_service': False, 'profile.password_manager_enabled': False}</msg>
<var>${prefs}</var>
<arg>{"credentials_enable_service": False, "profile.password_manager_enabled": False}</arg>
<doc>Evaluates the given expression in Python and returns the result.</doc>
<status status="PASS" start="2025-05-26T21:32:10.417212" elapsed="0.000963"/>
</kw>
<kw name="Call Method" owner="BuiltIn">
<arg>${options}</arg>
<arg>add_experimental_option</arg>
<arg>prefs</arg>
<arg>${prefs}</arg>
<doc>Calls the named method of the given object with the provided arguments.</doc>
<status status="PASS" start="2025-05-26T21:32:10.418654" elapsed="0.000664"/>
</kw>
<kw name="Create Webdriver" owner="SeleniumLibrary">
<msg time="2025-05-26T21:32:10.420364" level="INFO">Creating an instance of the Chrome WebDriver.</msg>
<arg>Chrome</arg>
<arg>options=${options}</arg>
<doc>Creates an instance of Selenium WebDriver.</doc>
<status status="PASS" start="2025-05-26T21:32:10.419615" elapsed="1.885196"/>
</kw>
<kw name="Go To" owner="SeleniumLibrary">
<msg time="2025-05-26T21:32:12.306189" level="INFO">Opening url 'https://www.saucedemo.com/inventory.html'</msg>
<arg>${url}</arg>
<doc>Navigates the current browser window to the provided ``url``.</doc>
<status status="PASS" start="2025-05-26T21:32:12.305418" elapsed="13.503060"/>
</kw>
<status status="PASS" start="2025-05-26T21:32:10.408022" elapsed="15.402052"/>
</kw>
<kw name="Invalid checkout with">
<kw name="Valid Login" owner="GenericResources">
<kw name="Input Text" owner="SeleniumLibrary">
<msg time="2025-05-26T21:32:25.824351" level="INFO">Typing text 'standard_user' into text field 'id=user-name'.</msg>
<arg>id=user-name</arg>
<arg>${valid_uname}</arg>
<doc>Types the given ``text`` into the text field identified by ``locator``.</doc>
<status status="PASS" start="2025-05-26T21:32:25.822951" elapsed="0.271889"/>
</kw>
<kw name="Input Password" owner="SeleniumLibrary">
<msg time="2025-05-26T21:32:26.097968" level="INFO">Typing password into text field 'id=password'.</msg>
<msg time="2025-05-26T21:32:26.157718" level="INFO">Temporally setting log level to: NONE</msg>
<arg>id=password</arg>
<arg>${valid_pass}</arg>
<doc>Types the given password into the text field identified by ``locator``.</doc>
<status status="PASS" start="2025-05-26T21:32:26.096463" elapsed="0.238265"/>
</kw>
<kw name="Click Button" owner="SeleniumLibrary">
<msg time="2025-05-26T21:32:26.336547" level="INFO">Clicking button 'id=login-button'.</msg>
<arg>${login_btn}</arg>
<doc>Clicks the button identified by ``locator``.</doc>
<status status="PASS" start="2025-05-26T21:32:26.335401" elapsed="0.228462"/>
</kw>
<arg>${valid_uname}</arg>
<arg>${valid_pass}</arg>
<status status="PASS" start="2025-05-26T21:32:25.820979" elapsed="0.743343"/>
</kw>
<kw name="Verify the product page opens" owner="CheckoutResources">
<kw name="Element Should Contain" owner="SeleniumLibrary">
<msg time="2025-05-26T21:32:26.647123" level="INFO">Element 'xpath=//div[text()='Sauce Labs Backpack']' contains text 'Sauce Labs Backpack'.</msg>
<arg>${sauce_lab_bag}</arg>
<arg>Sauce Labs Backpack</arg>
<doc>Verifies that element ``locator`` contains text ``expected``.</doc>
<status status="PASS" start="2025-05-26T21:32:26.566299" elapsed="0.081350"/>
</kw>
<kw name="Click Button" owner="SeleniumLibrary">
<msg time="2025-05-26T21:32:26.649085" level="INFO">Clicking button 'xpath=//button[@id='add-to-cart-sauce-labs-backpack']'.</msg>
<arg>xpath=//button[@id='add-to-cart-sauce-labs-backpack']</arg>
<doc>Clicks the button identified by ``locator``.</doc>
<status status="PASS" start="2025-05-26T21:32:26.648153" elapsed="0.129899"/>
</kw>
<kw name="Click Element" owner="SeleniumLibrary">
<msg time="2025-05-26T21:32:26.779345" level="INFO">Clicking element 'class=shopping_cart_link'.</msg>
<arg>class=shopping_cart_link</arg>
<doc>Click the element identified by ``locator``.</doc>
<status status="PASS" start="2025-05-26T21:32:26.778692" elapsed="0.103400"/>
</kw>
<kw name="Sleep" owner="BuiltIn">
<msg time="2025-05-26T21:32:28.883913" level="INFO">Slept 2 seconds.</msg>
<arg>2</arg>
<doc>Pauses the test executed for the given time.</doc>
<status status="PASS" start="2025-05-26T21:32:26.882518" elapsed="2.002480"/>
</kw>
<kw name="Click Button" owner="SeleniumLibrary">
<msg time="2025-05-26T21:32:28.888833" level="INFO">Clicking button 'id=checkout'.</msg>
<arg>id=checkout</arg>
<doc>Clicks the button identified by ``locator``.</doc>
<status status="PASS" start="2025-05-26T21:32:28.886207" elapsed="0.175212"/>
</kw>
<status status="PASS" start="2025-05-26T21:32:26.564979" elapsed="2.496750"/>
</kw>
<kw name="Input Text" owner="SeleniumLibrary">
<msg time="2025-05-26T21:32:29.063189" level="INFO">Typing text 'sakthi' into text field 'xpath=//input[@id="first-name"]'.</msg>
<arg>xpath=//input[@id="first-name"]</arg>
<arg>${Firstname}</arg>
<doc>Types the given ``text`` into the text field identified by ``locator``.</doc>
<status status="PASS" start="2025-05-26T21:32:29.062235" elapsed="0.168624"/>
</kw>
<kw name="Input Text" owner="SeleniumLibrary">
<msg time="2025-05-26T21:32:29.232350" level="INFO">Typing text 'ravi' into text field 'xpath=//input[@id="last-name"]'.</msg>
<arg>xpath=//input[@id="last-name"]</arg>
<arg>${Lastname}</arg>
<doc>Types the given ``text`` into the text field identified by ``locator``.</doc>
<status status="PASS" start="2025-05-26T21:32:29.231473" elapsed="0.163353"/>
</kw>
<kw name="Input Text" owner="SeleniumLibrary">
<msg time="2025-05-26T21:32:29.396191" level="INFO">Typing text '123' into text field 'xpath=//input[@id="postal-code"]'.</msg>
<arg>xpath=//input[@id="postal-code"]</arg>
<arg>${Zipcode}</arg>
<doc>Types the given ``text`` into the text field identified by ``locator``.</doc>
<status status="PASS" start="2025-05-26T21:32:29.395634" elapsed="0.143466"/>
</kw>
<kw name="Click Button" owner="SeleniumLibrary">
<msg time="2025-05-26T21:32:29.540791" level="INFO">Clicking button 'xpath="//input[@id="continue"]"'.</msg>
<msg time="2025-05-26T21:32:29.809328" level="INFO" html="true">&lt;/td&gt;&lt;/tr&gt;&lt;tr&gt;&lt;td colspan="3"&gt;&lt;a href="selenium-screenshot-20.png"&gt;&lt;img src="selenium-screenshot-20.png" width="800px"&gt;&lt;/a&gt;</msg>
<msg time="2025-05-26T21:32:29.810262" level="FAIL">InvalidSelectorException: Message: invalid selector: Unable to locate an element with the xpath expression "//input[@id="continue"]" because of the following error:
SyntaxError: Failed to execute 'evaluate' on 'Document': The string '"//input[@id="continue"]"' is not a valid XPath expression.
  (Session info: chrome=136.0.7103.114); For documentation on this error, please visit: https://www.selenium.dev/documentation/webdriver/troubleshooting/errors#invalid-selector-exception
Stacktrace:
	GetHandleVerifier [0x00007FF67168CF45+75717]
	GetHandleVerifier [0x00007FF67168CFA0+75808]
	(No symbol) [0x00007FF671458F9A]
	(No symbol) [0x00007FF671460998]
	(No symbol) [0x00007FF671463A0C]
	(No symbol) [0x00007FF671463ADF]
	(No symbol) [0x00007FF6714AED77]
	(No symbol) [0x00007FF6714AF77C]
	(No symbol) [0x00007FF6715025A7]
	(No symbol) [0x00007FF6714D73BF]
	(No symbol) [0x00007FF6714FF39C]
	(No symbol) [0x00007FF6714D7153]
	(No symbol) [0x00007FF6714A0421]
	(No symbol) [0x00007FF6714A11B3]
	GetHandleVerifier [0x00007FF67198D71D+3223453]
	GetHandleVerifier [0x00007FF671987CC2+3200322]
	GetHandleVerifier [0x00007FF6719A5AF3+3322739]
	GetHandleVerifier [0x00007FF6716A6A1A+180890]
	GetHandleVerifier [0x00007FF6716AE11F+211359]
	GetHandleVerifier [0x00007FF671695294+109332]
	GetHandleVerifier [0x00007FF671695442+109762]
	GetHandleVerifier [0x00007FF67167BA59+4825]
	BaseThreadInitThunk [0x00007FFC77137374+20]
	RtlUserThreadStart [0x00007FFC7867CC91+33]
</msg>
<arg>xpath="//input[@id="continue"]"</arg>
<doc>Clicks the button identified by ``locator``.</doc>
<status status="FAIL" start="2025-05-26T21:32:29.539905" elapsed="0.278121">InvalidSelectorException: Message: invalid selector: Unable to locate an element with the xpath expression "//input[@id="continue"]" because of the following error:
SyntaxError: Failed to execute 'evaluate' on 'Document': The string '"//input[@id="continue"]"' is not a valid XPath expression.
  (Session info: chrome=136.0.7103.114); For documentation on this error, please visit: https://www.selenium.dev/documentation/webdriver/troubleshooting/errors#invalid-selector-exception
Stacktrace:
	GetHandleVerifier [0x00007FF67168CF45+75717]
	GetHandleVerifier [0x00007FF67168CFA0+75808]
	(No symbol) [0x00007FF671458F9A]
	(No symbol) [0x00007FF671460998]
	(No symbol) [0x00007FF671463A0C]
	(No symbol) [0x00007FF671463ADF]
	(No symbol) [0x00007FF6714AED77]
	(No symbol) [0x00007FF6714AF77C]
	(No symbol) [0x00007FF6715025A7]
	(No symbol) [0x00007FF6714D73BF]
	(No symbol) [0x00007FF6714FF39C]
	(No symbol) [0x00007FF6714D7153]
	(No symbol) [0x00007FF6714A0421]
	(No symbol) [0x00007FF6714A11B3]
	GetHandleVerifier [0x00007FF67198D71D+3223453]
	GetHandleVerifier [0x00007FF671987CC2+3200322]
	GetHandleVerifier [0x00007FF6719A5AF3+3322739]
	GetHandleVerifier [0x00007FF6716A6A1A+180890]
	GetHandleVerifier [0x00007FF6716AE11F+211359]
	GetHandleVerifier [0x00007FF671695294+109332]
	GetHandleVerifier [0x00007FF671695442+109762]
	GetHandleVerifier [0x00007FF67167BA59+4825]
	BaseThreadInitThunk [0x00007FFC77137374+20]
	RtlUserThreadStart [0x00007FFC7867CC91+33]
</status>
</kw>
<if>
<branch type="IF" condition="'${Firstname}' == ''">
<kw name="Verify the firstname required message" owner="CheckoutResources">
<status status="NOT RUN" start="2025-05-26T21:32:29.819177" elapsed="0.000375"/>
</kw>
<status status="NOT RUN" start="2025-05-26T21:32:29.818552" elapsed="0.001207"/>
</branch>
<branch type="ELSE IF" condition="'${Lastname}' == ''">
<kw name="Verify the lastname required message" owner="CheckoutResources">
<status status="NOT RUN" start="2025-05-26T21:32:29.820417" elapsed="0.000355"/>
</kw>
<status status="NOT RUN" start="2025-05-26T21:32:29.819903" elapsed="0.001073"/>
</branch>
<branch type="ELSE IF" condition="'${Zipcode}' == ''">
<kw name="Verify the zipcode required message" owner="CheckoutResources">
<status status="NOT RUN" start="2025-05-26T21:32:29.822173" elapsed="0.000454"/>
</kw>
<status status="NOT RUN" start="2025-05-26T21:32:29.821112" elapsed="0.001733"/>
</branch>
<branch type="ELSE">
<kw name="Verify the success checkout message" owner="CheckoutResources">
<status status="NOT RUN" start="2025-05-26T21:32:29.823513" elapsed="0.000713"/>
</kw>
<status status="NOT RUN" start="2025-05-26T21:32:29.823007" elapsed="0.001687"/>
</branch>
<status status="NOT RUN" start="2025-05-26T21:32:29.818471" elapsed="0.006456"/>
</if>
<arg>Firstname=sakthi</arg>
<arg>Lastname=ravi</arg>
<arg>Zipcode=123</arg>
<status status="FAIL" start="2025-05-26T21:32:25.819075" elapsed="4.006335">InvalidSelectorException: Message: invalid selector: Unable to locate an element with the xpath expression "//input[@id="continue"]" because of the following error:
SyntaxError: Failed to execute 'evaluate' on 'Document': The string '"//input[@id="continue"]"' is not a valid XPath expression.
  (Session info: chrome=136.0.7103.114); For documentation on this error, please visit: https://www.selenium.dev/documentation/webdriver/troubleshooting/errors#invalid-selector-exception
Stacktrace:
	GetHandleVerifier [0x00007FF67168CF45+75717]
	GetHandleVerifier [0x00007FF67168CFA0+75808]
	(No symbol) [0x00007FF671458F9A]
	(No symbol) [0x00007FF671460998]
	(No symbol) [0x00007FF671463A0C]
	(No symbol) [0x00007FF671463ADF]
	(No symbol) [0x00007FF6714AED77]
	(No symbol) [0x00007FF6714AF77C]
	(No symbol) [0x00007FF6715025A7]
	(No symbol) [0x00007FF6714D73BF]
	(No symbol) [0x00007FF6714FF39C]
	(No symbol) [0x00007FF6714D7153]
	(No symbol) [0x00007FF6714A0421]
	(No symbol) [0x00007FF6714A11B3]
	GetHandleVerifier [0x00007FF67198D71D+3223453]
	GetHandleVerifier [0x00007FF671987CC2+3200322]
	GetHandleVerifier [0x00007FF6719A5AF3+3322739]
	GetHandleVerifier [0x00007FF6716A6A1A+180890]
	GetHandleVerifier [0x00007FF6716AE11F+211359]
	GetHandleVerifier [0x00007FF671695294+109332]
	GetHandleVerifier [0x00007FF671695442+109762]
	GetHandleVerifier [0x00007FF67167BA59+4825]
	BaseThreadInitThunk [0x00007FFC77137374+20]
	RtlUserThreadStart [0x00007FFC7867CC91+33]
</status>
</kw>
<kw name="Close Browser Session" owner="GenericResources" type="TEARDOWN">
<kw name="Close Browser" owner="SeleniumLibrary">
<doc>Closes the current browser.</doc>
<status status="PASS" start="2025-05-26T21:32:29.827705" elapsed="2.172403"/>
</kw>
<status status="PASS" start="2025-05-26T21:32:29.826714" elapsed="2.173855"/>
</kw>
<status status="FAIL" start="2025-05-26T21:32:10.403716" elapsed="21.597367">InvalidSelectorException: Message: invalid selector: Unable to locate an element with the xpath expression "//input[@id="continue"]" because of the following error:
SyntaxError: Failed to execute 'evaluate' on 'Document': The string '"//input[@id="continue"]"' is not a valid XPath expression.
  (Session info: chrome=136.0.7103.114); For documentation on this error, please visit: https://www.selenium.dev/documentation/webdriver/troubleshooting/errors#invalid-selector-exception
Stacktrace:
	GetHandleVerifier [0x00007FF67168CF45+75717]
	GetHandleVerifier [0x00007FF67168CFA0+75808]
	(No symbol) [0x00007FF671458F9A]
	(No symbol) [0x00007FF671460998]
	(No symbol) [0x00007FF671463A0C]
	(No symbol) [0x00007FF671463ADF]
	(No symbol) [0x00007FF6714AED77]
	(No symbol) [0x00007FF6714AF77C]
	(No symbol) [0x00007FF6715025A7]
	(No symbol) [0x00007FF6714D73BF]
	(No symbol) [0x00007FF6714FF39C]
	(No symbol) [0x00007FF6714D7153]
	(No symbol) [0x00007FF6714A0421]
	(No symbol) [0x00007FF6714A11B3]
	GetHandleVerifier [0x00007FF67198D71D+3223453]
	GetHandleVerifier [0x00007FF671987CC2+3200322]
	GetHandleVerifier [0x00007FF6719A5AF3+3322739]
	GetHandleVerifier [0x00007FF6716A6A1A+180890]
	GetHandleVerifier [0x00007FF6716AE11F+211359]
	GetHandleVerifier [0x00007FF671695294+109332]
	GetHandleVerifier [0x00007FF671695442+109762]
	GetHandleVerifier [0x00007FF67167BA59+4825]
	BaseThreadInitThunk [0x00007FFC77137374+20]
	RtlUserThreadStart [0x00007FFC7867CC91+33]
</status>
</test>
<status status="FAIL" start="2025-05-26T21:26:33.020387" elapsed="358.992393"/>
</suite>
<status status="FAIL" start="2025-05-26T21:26:33.013037" elapsed="359.013716"/>
</suite>
<status status="FAIL" start="2025-05-26T21:26:32.953219" elapsed="359.077001"/>
</suite>
<statistics>
<total>
<stat pass="0" fail="4" skip="0">All Tests</stat>
</total>
<tag>
</tag>
<suite>
<stat name="Sauce Robot framework" id="s1" pass="0" fail="4" skip="0">Sauce Robot framework</stat>
<stat name="Tests" id="s1-s1" pass="0" fail="4" skip="0">Sauce Robot framework.Tests</stat>
<stat name="CheckoutTest" id="s1-s1-s1" pass="0" fail="4" skip="0">Sauce Robot framework.Tests.CheckoutTest</stat>
</suite>
</statistics>
<errors>
<msg time="2025-05-26T21:31:34.985123" level="WARN">There was an error managing chromedriver (error decoding response body); using driver found in the cache</msg>
</errors>
</robot>

	(No symbol) [0x00007FF6714A0421]
	(No symbol) [0x00007FF6714A11B3]
	GetHandleVerifier [0x00007FF67198D71D+3223453]
	GetHandleVerifier [0x00007FF671987CC2+3200322]
	GetHandleVerifier [0x00007FF6719A5AF3+3322739]
	GetHandleVerifier [0x00007FF6716A6A1A+180890]
	GetHandleVerifier [0x00007FF6716AE11F+211359]
	GetHandleVerifier [0x00007FF671695294+109332]
	GetHandleVerifier [0x00007FF671695442+109762]
	GetHandleVerifier [0x00007FF67167BA59+4825]
	BaseThreadInitThunk [0x00007FFC77137374+20]
	RtlUserThreadStart [0x00007FFC7867CC91+33]
</msg>
<arg>xpath="//input[@id="continue"]"</arg>
<doc>Clicks the button identified by ``locator``.</doc>
<status status="FAIL" start="2025-05-26T21:32:08.015364" elapsed="0.299867">InvalidSelectorException: Message: invalid selector: Unable to locate an element with the xpath expression "//input[@id="continue"]" because of the following error:
SyntaxError: Failed to execute 'evaluate' on 'Document': The string '"//input[@id="continue"]"' is not a valid XPath expression.
  (Session info: chrome=136.0.7103.114); For documentation on this error, please visit: https://www.selenium.dev/documentation/webdriver/troubleshooting/errors#invalid-selector-exception
Stacktrace:
	GetHandleVerifier [0x00007FF67168CF45+75717]
	GetHandleVerifier [0x00007FF67168CFA0+75808]
	(No symbol) [0x00007FF671458F9A]
	(No symbol) [0x00007FF671460998]
	(No symbol) [0x00007FF671463A0C]
	(No symbol) [0x00007FF671463ADF]
	(No symbol) [0x00007FF6714AED77]
	(No symbol) [0x00007FF6714AF77C]
	(No symbol) [0x00007FF6715025A7]
	(No symbol) [0x00007FF6714D73BF]
	(No symbol) [0x00007FF6714FF39C]
	(No symbol) [0x00007FF6714D7153]
	(No symbol) [0x00007FF6714A0421]
	(No symbol) [0x00007FF6714A11B3]
	GetHandleVerifier [0x00007FF67198D71D+3223453]
	GetHandleVerifier [0x00007FF671987CC2+3200322]
	GetHandleVerifier [0x00007FF6719A5AF3+3322739]
	GetHandleVerifier [0x00007FF6716A6A1A+180890]
	GetHandleVerifier [0x00007FF6716AE11F+211359]
	GetHandleVerifier [0x00007FF671695294+109332]
	GetHandleVerifier [0x00007FF671695442+109762]
	GetHandleVerifier [0x00007FF67167BA59+4825]
	BaseThreadInitThunk [0x00007FFC77137374+20]
	RtlUserThreadStart [0x00007FFC7867CC91+33]
</status>
</kw>
<if>
<branch type="IF" condition="'${Firstname}' == ''">
<kw name="Verify the firstname required message" owner="CheckoutResources">
<status status="NOT RUN" start="2025-05-26T21:32:08.317696" elapsed="0.000739"/>
</kw>
<status status="NOT RUN" start="2025-05-26T21:32:08.316620" elapsed="0.002232"/>
</branch>
<branch type="ELSE IF" condition="'${Lastname}' == ''">
<kw name="Verify the lastname required message" owner="CheckoutResources">
<status status="NOT RUN" start="2025-05-26T21:32:08.320187" elapsed="0.000655"/>
</kw>
<status status="NOT RUN" start="2025-05-26T21:32:08.319179" elapsed="0.002077"/>
</branch>
<branch type="ELSE IF" condition="'${Zipcode}' == ''">
<kw name="Verify the zipcode required message" owner="CheckoutResources">
<status status="NOT RUN" start="2025-05-26T21:32:08.322440" elapsed="0.000668"/>
</kw>
<status status="NOT RUN" start="2025-05-26T21:32:08.321524" elapsed="0.002010"/>
</branch>
<branch type="ELSE">
<kw name="Verify the success checkout message" owner="CheckoutResources">
<status status="NOT RUN" start="2025-05-26T21:32:08.324500" elapsed="0.000506"/>
</kw>
<status status="NOT RUN" start="2025-05-26T21:32:08.323757" elapsed="0.001534"/>
</branch>
<status status="NOT RUN" start="2025-05-26T21:32:08.316509" elapsed="0.008954"/>
</if>
<arg>Firstname=sakthi</arg>
<arg>Lastname=ravi</arg>
<arg>Zipcode=123</arg>
<status status="FAIL" start="2025-05-26T21:32:04.199126" elapsed="4.126797">InvalidSelectorException: Message: invalid selector: Unable to locate an element with the xpath expression "//input[@id="continue"]" because of the following error:
SyntaxError: Failed to execute 'evaluate' on 'Document': The string '"//input[@id="continue"]"' is not a valid XPath expression.
  (Session info: chrome=136.0.7103.114); For documentation on this error, please visit: https://www.selenium.dev/documentation/webdriver/troubleshooting/errors#invalid-selector-exception
Stacktrace:
	GetHandleVerifier [0x00007FF67168CF45+75717]
	GetHandleVerifier [0x00007FF67168CFA0+75808]
	(No symbol) [0x00007FF671458F9A]
	(No symbol) [0x00007FF671460998]
	(No symbol) [0x00007FF671463A0C]
	(No symbol) [0x00007FF671463ADF]
	(No symbol) [0x00007FF6714AED77]
	(No symbol) [0x00007FF6714AF77C]
	(No symbol) [0x00007FF6715025A7]
	(No symbol) [0x00007FF6714D73BF]
	(No symbol) [0x00007FF6714FF39C]
	(No symbol) [0x00007FF6714D7153]
	(No symbol) [0x00007FF6714A0421]
	(No symbol) [0x00007FF6714A11B3]
	GetHandleVerifier [0x00007FF67198D71D+3223453]
	GetHandleVerifier [0x00007FF671987CC2+3200322]
	GetHandleVerifier [0x00007FF6719A5AF3+3322739]
	GetHandleVerifier [0x00007FF6716A6A1A+180890]
	GetHandleVerifier [0x00007FF6716AE11F+211359]
	GetHandleVerifier [0x00007FF671695294+109332]
	GetHandleVerifier [0x00007FF671695442+109762]
	GetHandleVerifier [0x00007FF67167BA59+4825]
	BaseThreadInitThunk [0x00007FFC77137374+20]
	RtlUserThreadStart [0x00007FFC7867CC91+33]
</status>
</kw>
<kw name="Close Browser Session" owner="GenericResources" type="TEARDOWN">
<kw name="Close Browser" owner="SeleniumLibrary">
<doc>Closes the current browser.</doc>
<status status="PASS" start="2025-05-26T21:32:08.328695" elapsed="2.689223"/>
</kw>
<status status="PASS" start="2025-05-26T21:32:08.327289" elapsed="2.691154"/>
</kw>
<status status="FAIL" start="2025-05-26T21:31:56.712707" elapsed="14.306302">InvalidSelectorException: Message: invalid selector: Unable to locate an element with the xpath expression "//input[@id="continue"]" because of the following error:
SyntaxError: Failed to execute 'evaluate' on 'Document': The string '"//input[@id="continue"]"' is not a valid XPath expression.
  (Session info: chrome=136.0.7103.114); For documentation on this error, please visit: https://www.selenium.dev/documentation/webdriver/troubleshooting/errors#invalid-selector-exception
Stacktrace:
	GetHandleVerifier [0x00007FF67168CF45+75717]
	GetHandleVerifier [0x00007FF67168CFA0+75808]
	(No symbol) [0x00007FF671458F9A]
	(No symbol) [0x00007FF671460998]
	(No symbol) [0x00007FF671463A0C]
	(No symbol) [0x00007FF671463ADF]
	(No symbol) [0x00007FF6714AED77]
	(No symbol) [0x00007FF6714AF77C]
	(No symbol) [0x00007FF6715025A7]
	(No symbol) [0x00007FF6714D73BF]
	(No symbol) [0x00007FF6714FF39C]
	(No symbol) [0x00007FF6714D7153]
	(No symbol) [0x00007FF6714A0421]
	(No symbol) [0x00007FF6714A11B3]
	GetHandleVerifier [0x00007FF67198D71D+3223453]
	GetHandleVerifier [0x00007FF671987CC2+3200322]
	GetHandleVerifier [0x00007FF6719A5AF3+3322739]
	GetHandleVerifier [0x00007FF6716A6A1A+180890]
	GetHandleVerifier [0x00007FF6716AE11F+211359]
	GetHandleVerifier [0x00007FF671695294+109332]
	GetHandleVerifier [0x00007FF671695442+109762]
	GetHandleVerifier [0x00007FF67167BA59+4825]
	BaseThreadInitThunk [0x00007FFC77137374+20]
	RtlUserThreadStart [0x00007FFC7867CC91+33]
</status>
</test>
<status status="FAIL" start="2025-05-26T21:28:59.894154" elapsed="191.148024"/>
</suite>
<status status="FAIL" start="2025-05-26T21:28:59.888422" elapsed="191.162525"/>
</suite>
<status status="FAIL" start="2025-05-26T21:28:59.827292" elapsed="191.228370"/>
</suite>
<statistics>
<total>
<stat pass="0" fail="4" skip="0">All Tests</stat>
</total>
<tag>
</tag>
<suite>
<stat name="Sauce Robot framework" id="s1" pass="0" fail="4" skip="0">Sauce Robot framework</stat>
<stat name="Tests" id="s1-s1" pass="0" fail="4" skip="0">Sauce Robot framework.Tests</stat>
<stat name="CheckoutTest" id="s1-s1-s1" pass="0" fail="4" skip="0">Sauce Robot framework.Tests.CheckoutTest</stat>
</suite>
</statistics>
<errors>
</errors>
</robot>
